C51 COMPILER V9.01   OLED12864                                                             07/07/2012 17:58:55 PAGE 1   


C51 COMPILER V9.01, COMPILATION OF MODULE OLED12864
OBJECT MODULE PLACED IN OLED12864.OBJ
COMPILER INVOKED BY: C:\Keil\C51\BIN\C51.EXE OLED12864.c BROWSE DEBUG OBJECTEXTEND

line level    source

   1          /********************************************
   2          OLED屏测试程序-STC&89C52 
   3          *********************************************************/
   4          #include "REG51.h"
   5          #include "intrins.h"
   6          #include "codetab.h"
   7          #include "LQ12864.h"
   8          
   9          /********************（STC12C5608AD  11MHZ z=1时精确延时1ms）*******************/
  10          void delayms(unsigned int z)
  11          {
  12   1      unsigned int x,y;
  13   1      for(x=z; x>0; x--)
  14   1      for(y=1848; y>0; y--);
  15   1      }
  16          /*********************主函数************************************/
  17          void main(void) 
  18          {
  19   1      unsigned char i;   
  20   1      LCD_Init(); //oled 初始化  
  21   1      while(1)
  22   1      {
  23   2      //LCD_Fill(0xff); //屏全亮 
  24   2      //LCD_Fill(0x00); //屏全灭 
  25   2      for(i=0; i<8; i++)
  26   2      {LCD_P16x16Ch(i*16,0,i);  //点阵显示
  27   3       LCD_P16x16Ch(i*16,2,i+8);
  28   3       LCD_P16x16Ch(i*16,4,i+16);
  29   3       LCD_P16x16Ch(i*16,6,i+24);
  30   3      } 
  31   2      delayms(4000); 
  32   2      LCD_CLS();   
  33   2      LCD_P8x16Str(44,0,"SALER");   
  34   2      LCD_P8x16Str(20,2,"OLEDDISPLAY");
  35   2      LCD_P8x16Str(8,4,"TEL:13882007987");   
  36   2      LCD_P6x8Str(16,6,"445022363@qq.com"); 
  37   2      LCD_P6x8Str(34,7,"2012-06-19");    
  38   2      delayms(4000);  
  39   2      LCD_CLS();
  40   2      Draw_BMP(0,0,128,8,BMP);  //图片显示
  41   2      delayms(4000);  
  42   2      }
  43   1      
  44   1      }


MODULE INFORMATION:   STATIC OVERLAYABLE
   CODE SIZE        =   1026    ----
   CONSTANT SIZE    =   4182    ----
   XDATA SIZE       =   ----    ----
   PDATA SIZE       =   ----    ----
   DATA SIZE        =   ----      32
   IDATA SIZE       =   ----    ----
   BIT SIZE         =   ----    ----
END OF MODULE INFORMATION.

C51 COMPILER V9.01   OLED12864                                                             07/07/2012 17:58:55 PAGE 2   


C51 COMPILATION COMPLETE.  0 WARNING(S),  0 ERROR(S)
